# JRE version: Java(TM) SE Runtime Environment 18.9 (11.0.14+8) (build 11.0.14+8-LTS-263)
# Java VM: Java HotSpot(TM) 64-Bit Server VM 18.9 (11.0.14+8-LTS-263, mixed mode, tiered, compressed oops, g1 gc, windows-amd64)
Heap:
 garbage-first heap   total 519168K, used 511678K [0x00000000e0000000, 0x0000000100000000)
  region size 1024K, 25 young (25600K), 3 survivors (3072K)
 Metaspace       used 60263K, capacity 62415K, committed 62592K, reserved 309248K
  class space    used 7920K, capacity 8726K, committed 8832K, reserved 253952K
GC Heap History (10 events):
Event: 673.054 GC heap after
{Heap after GC invocations=82 (full 0):
 garbage-first heap   total 502784K, used 458071K [0x00000000e0000000, 0x0000000100000000)
  region size 1024K, 3 young (3072K), 3 survivors (3072K)
 Metaspace       used 60262K, capacity 62415K, committed 62592K, reserved 309248K
  class space    used 7920K, capacity 8726K, committed 8832K, reserved 253952K
}
Event: 681.683 GC heap before
{Heap before GC invocations=82 (full 0):
 garbage-first heap   total 502784K, used 479575K [0x00000000e0000000, 0x0000000100000000)
  region size 1024K, 24 young (24576K), 3 survivors (3072K)
 Metaspace       used 60263K, capacity 62415K, committed 62592K, reserved 309248K
  class space    used 7920K, capacity 8726K, committed 8832K, reserved 253952K
}
Event: 682.574 GC heap after
{Heap after GC invocations=83 (full 0):
 garbage-first heap   total 502784K, used 465920K [0x00000000e0000000, 0x0000000100000000)
  region size 1024K, 3 young (3072K), 3 survivors (3072K)
 Metaspace       used 60263K, capacity 62415K, committed 62592K, reserved 309248K
  class space    used 7920K, capacity 8726K, committed 8832K, reserved 253952K
}
Event: 684.392 GC heap before
{Heap before GC invocations=83 (full 0):
 garbage-first heap   total 502784K, used 487424K [0x00000000e0000000, 0x0000000100000000)
  region size 1024K, 24 young (24576K), 3 survivors (3072K)
 Metaspace       used 60263K, capacity 62415K, committed 62592K, reserved 309248K
  class space    used 7920K, capacity 8726K, committed 8832K, reserved 253952K
}
Event: 684.449 GC heap after
{Heap after GC invocations=84 (full 0):
 garbage-first heap   total 502784K, used 473450K [0x00000000e0000000, 0x0000000100000000)
  region size 1024K, 3 young (3072K), 3 survivors (3072K)
 Metaspace       used 60263K, capacity 62415K, committed 62592K, reserved 309248K
  class space    used 7920K, capacity 8726K, committed 8832K, reserved 253952K
}
Event: 685.522 GC heap before
{Heap before GC invocations=84 (full 0):
 garbage-first heap   total 502784K, used 494954K [0x00000000e0000000, 0x0000000100000000)
  region size 1024K, 24 young (24576K), 3 survivors (3072K)
 Metaspace       used 60263K, capacity 62415K, committed 62592K, reserved 309248K
  class space    used 7920K, capacity 8726K, committed 8832K, reserved 253952K
}
Event: 685.811 GC heap after
{Heap after GC invocations=85 (full 0):
 garbage-first heap   total 506880K, used 481622K [0x00000000e0000000, 0x0000000100000000)
  region size 1024K, 3 young (3072K), 3 survivors (3072K)
 Metaspace       used 60263K, capacity 62415K, committed 62592K, reserved 309248K
  class space    used 7920K, capacity 8726K, committed 8832K, reserved 253952K
}
Event: 687.658 GC heap before
{Heap before GC invocations=85 (full 0):
 garbage-first heap   total 506880K, used 503126K [0x00000000e0000000, 0x0000000100000000)
  region size 1024K, 24 young (24576K), 3 survivors (3072K)
 Metaspace       used 60263K, capacity 62415K, committed 62592K, reserved 309248K
  class space    used 7920K, capacity 8726K, committed 8832K, reserved 253952K
}
Event: 690.525 GC heap after
{Heap after GC invocations=86 (full 0):
 garbage-first heap   total 514048K, used 489150K [0x00000000e0000000, 0x0000000100000000)
  region size 1024K, 3 young (3072K), 3 survivors (3072K)
 Metaspace       used 60263K, capacity 62415K, committed 62592K, reserved 309248K
  class space    used 7920K, capacity 8726K, committed 8832K, reserved 253952K
}
Event: 693.492 GC heap before
{Heap before GC invocations=86 (full 0):
 garbage-first heap   total 514048K, used 510654K [0x00000000e0000000, 0x0000000100000000)
  region size 1024K, 25 young (25600K), 3 survivors (3072K)
 Metaspace       used 60263K, capacity 62415K, committed 62592K, reserved 309248K
  class space    used 7920K, capacity 8726K, committed 8832K, reserved 253952K
}

